[2025-05-30 20:27:55] ERROR: Url not matched...
[2025-05-30 20:29:37] ERROR: Url not matched...
[2025-05-30 20:35:17] INFO: WebPage url matched...
[2025-05-30 20:52:20] INFO: WebPage url matched...
[2025-05-30 20:52:20] INFO: WebPage Title matched...
[2025-05-30 20:52:26] ERROR: username not matched...
[2025-05-30 20:56:08] INFO: WebPage url matched...
[2025-05-30 20:56:08] INFO: WebPage Title matched...
[2025-05-30 20:56:12] INFO: Username Entered properly...
[2025-05-30 20:56:12] INFO: Password Entered properly...
[2025-05-30 20:56:14] INFO: Click on Login Button Done....
[2025-05-30 21:02:54] INFO: Get page Started....
[2025-05-30 21:03:18] INFO: WebPage url matched...
[2025-05-30 21:03:18] INFO: Get page Ended....
[2025-05-30 21:03:18] INFO: Title Verification Started....
[2025-05-30 21:03:18] INFO: WebPage Title matched...
[2025-05-30 21:03:18] INFO: Title Verification Ended....
[2025-05-30 21:03:18] INFO: Login Action Started....
[2025-05-30 21:03:24] INFO: Page closed......
[2025-05-30 21:03:47] INFO: Get page Started....
[2025-05-30 21:03:52] INFO: WebPage url matched...
[2025-05-30 21:03:52] INFO: Get page Ended....
[2025-05-30 21:03:52] INFO: Title Verification Started....
[2025-05-30 21:03:52] INFO: WebPage Title matched...
[2025-05-30 21:03:52] INFO: Title Verification Ended....
[2025-05-30 21:03:52] INFO: Login Action Started....
[2025-05-30 21:03:59] INFO: Username Entered properly...
[2025-05-30 21:03:59] INFO: Password Entered properly...
[2025-05-30 21:04:04] INFO: Click on Login Button Done....
[2025-05-30 21:04:04] INFO: Login Action Ended....
[2025-05-30 21:04:04] INFO: Page closed......
[2025-05-30 21:06:23] INFO: Get page Started....
[2025-05-30 21:06:42] INFO: WebPage url matched...
[2025-05-30 21:06:42] INFO: Get page Ended....
[2025-05-30 21:06:42] INFO: Title Verification Started....
[2025-05-30 21:06:42] INFO: WebPage Title matched...
[2025-05-30 21:06:42] INFO: Title Verification Ended....
[2025-05-30 21:06:42] INFO: Login Action Started....
[2025-05-30 21:06:46] INFO: Username Entered properly...
[2025-05-30 21:06:46] INFO: Password Entered properly...
[2025-05-30 21:06:51] INFO: Click on Login Button Done....
[2025-05-30 21:06:51] INFO: Login Action Ended....
[2025-05-30 21:06:51] INFO: Page closed......
